<?xml version="1.0" encoding="UTF-8"?>
<testng-results ignored="0" total="1" passed="1" failed="0" skipped="0">
  <reporter-output>
  </reporter-output>
  <suite started-at="2023-11-03T20:09:17 IST" name="Default suite" finished-at="2023-11-03T20:09:47 IST" duration-ms="30013">
    <groups>
    </groups>
    <test started-at="2023-11-03T20:09:17 IST" name="Default test" finished-at="2023-11-03T20:09:47 IST" duration-ms="30013">
      <class name="jewelryPage.DWS_JEWELRY_10_Test">
        <test-method is-config="true" signature="launchingBrowserAndNavigateToApp()[pri:0, instance:jewelryPage.DWS_JEWELRY_10_Test@4d1c00d0]" started-at="2023-11-03T20:09:18 IST" name="launchingBrowserAndNavigateToApp" finished-at="2023-11-03T20:09:35 IST" duration-ms="17899" status="PASS">
          <reporter-output>
          </reporter-output>
        </test-method> <!-- launchingBrowserAndNavigateToApp -->
        <test-method is-config="true" signature="loginToApplication()[pri:0, instance:jewelryPage.DWS_JEWELRY_10_Test@4d1c00d0]" started-at="2023-11-03T20:09:36 IST" name="loginToApplication" finished-at="2023-11-03T20:09:36 IST" duration-ms="116" status="PASS">
          <reporter-output>
          </reporter-output>
        </test-method> <!-- loginToApplication -->
        <test-method signature="Add_product_to_wishlist_and_remove_from_wishlist()[pri:0, instance:jewelryPage.DWS_JEWELRY_10_Test@4d1c00d0]" started-at="2023-11-03T20:09:36 IST" name="Add_product_to_wishlist_and_remove_from_wishlist" finished-at="2023-11-03T20:09:46 IST" duration-ms="10807" status="PASS">
          <reporter-output>
          </reporter-output>
        </test-method> <!-- Add_product_to_wishlist_and_remove_from_wishlist -->
        <test-method is-config="true" signature="logoutFromApplication()[pri:0, instance:jewelryPage.DWS_JEWELRY_10_Test@4d1c00d0]" started-at="2023-11-03T20:09:46 IST" name="logoutFromApplication" finished-at="2023-11-03T20:09:46 IST" duration-ms="8" status="PASS">
          <reporter-output>
          </reporter-output>
        </test-method> <!-- logoutFromApplication -->
        <test-method is-config="true" signature="ClosingTheBrowser()[pri:0, instance:jewelryPage.DWS_JEWELRY_10_Test@4d1c00d0]" started-at="2023-11-03T20:09:46 IST" name="ClosingTheBrowser" finished-at="2023-11-03T20:09:47 IST" duration-ms="486" status="PASS">
          <reporter-output>
          </reporter-output>
        </test-method> <!-- ClosingTheBrowser -->
      </class> <!-- jewelryPage.DWS_JEWELRY_10_Test -->
    </test> <!-- Default test -->
  </suite> <!-- Default suite -->
</testng-results>
